<?xml version="1.0" encoding="UTF-8"?>
<!-- Generated by org.testng.reporters.JUnitXMLReporter -->
<testsuite hostname="DESKTOP-3EBID13" ignored="0" name="Default test" tests="4" failures="0" timestamp="2020-10-05T22:03:43 IST" time="87.487" errors="0">
  <testcase name="searchTest" time="8.076" classname="com.qa.linkedin.testcases.SearchDDTest"/>
  <testcase name="searchTest" time="9.284" classname="com.qa.linkedin.testcases.SearchDDTest"/>
  <testcase name="searchTest" time="9.368" classname="com.qa.linkedin.testcases.SearchDDTest"/>
  <testcase name="searchTest" time="8.762" classname="com.qa.linkedin.testcases.SearchDDTest"/>
</testsuite> <!-- Default test -->
